{
  "RSpec": {
    "coverage": {
      "/Users/balaji/Desktop/git-repos/LocalDeliverySystem/spec/controllers/custom_devise/registrations_controller_spec.rb": [
        1,
        1,
        null,
        1,
        1,
        1,
        1,
        1,
        null,
        null,
        null,
        1,
        1,
        1,
        1,
        1,
        null,
        null,
        null,
        1,
        1,
        1,
        1,
        1,
        1,
        0,
        null,
        null,
        null,
        1,
        1,
        1,
        1,
        1,
        1,
        0,
        0,
        0,
        null,
        null,
        null,
        1,
        1,
        1,
        1,
        1,
        1,
        0,
        0,
        0,
        0,
        null,
        null,
        null,
        null
      ],
      "/Users/balaji/Desktop/git-repos/LocalDeliverySystem/spec/rails_helper.rb": [
        null,
        1,
        1,
        null,
        1,
        1,
        1,
        1,
        null,
        null,
        null,
        null,
        null,
        null,
        null,
        null,
        null,
        null,
        null,
        null,
        null,
        null,
        null,
        null,
        null,
        null,
        null,
        1,
        null,
        null,
        null,
        1,
        null,
        1,
        null,
        null,
        null,
        null,
        1,
        null,
        null,
        null,
        null,
        null,
        null,
        null,
        null,
        null,
        null,
        null,
        null,
        null,
        null,
        1,
        1,
        1,
        null
      ],
      "/Users/balaji/Desktop/git-repos/LocalDeliverySystem/config/environment.rb": [
        null,
        1,
        null,
        null,
        1
      ],
      "/Users/balaji/Desktop/git-repos/LocalDeliverySystem/config/application.rb": [
        1,
        null,
        1,
        null,
        null,
        null,
        1,
        null,
        1,
        1,
        null,
        null,
        null,
        null,
        null,
        null,
        null,
        null,
        null,
        null,
        null,
        null,
        null,
        1,
        null,
        null
      ],
      "/Users/balaji/Desktop/git-repos/LocalDeliverySystem/config/boot.rb": [
        1,
        null,
        1
      ],
      "/Users/balaji/Desktop/git-repos/LocalDeliverySystem/config/environments/test.rb": [
        1,
        null,
        null,
        null,
        null,
        null,
        null,
        1,
        null,
        null,
        null,
        null,
        1,
        null,
        null,
        1,
        1,
        null,
        null,
        1,
        1,
        null,
        null,
        1,
        null,
        null,
        1,
        null,
        null,
        null,
        null,
        1,
        null,
        null,
        1,
        null,
        null,
        1,
        null,
        null,
        null,
        null,
        1,
        null,
        1,
        1,
        null,
        1,
        null,
        null,
        null,
        null,
        null,
        null,
        null,
        null,
        null,
        null,
        null
      ],
      "/Users/balaji/Desktop/git-repos/LocalDeliverySystem/config/initializers/assets.rb": [
        null,
        null,
        null,
        1,
        null,
        null,
        null,
        null,
        null,
        null,
        null
      ],
      "/Users/balaji/Desktop/git-repos/LocalDeliverySystem/config/initializers/backtrace_silencers.rb": [
        null,
        null,
        null,
        null,
        null,
        null
      ],
      "/Users/balaji/Desktop/git-repos/LocalDeliverySystem/config/initializers/cookies_serializer.rb": [
        null,
        null,
        1
      ],
      "/Users/balaji/Desktop/git-repos/LocalDeliverySystem/config/initializers/devise.rb": [
        null,
        null,
        1,
        null,
        null,
        null,
        null,
        null,
        null,
        null,
        null,
        null,
        null,
        null,
        1,
        null,
        null,
        null,
        null,
        null,
        null,
        null,
        null,
        1,
        null,
        null,
        null,
        null,
        null,
        null,
        null,
        null,
        null,
        null,
        null,
        null,
        null,
        null,
        null,
        null,
        null,
        null,
        null,
        null,
        null,
        1,
        null,
        null,
        null,
        null,
        1,
        null,
        null,
        null,
        null,
        null,
        null,
        null,
        null,
        null,
        null,
        null,
        null,
        null,
        null,
        null,
        null,
        null,
        null,
        null,
        null,
        null,
        null,
        null,
        null,
        null,
        null,
        null,
        null,
        null,
        null,
        1,
        null,
        null,
        null,
        null,
        null,
        null,
        null,
        null,
        null,
        null,
        null,
        null,
        null,
        null,
        null,
        null,
        1,
        null,
        null,
        null,
        null,
        null,
        null,
        null,
        null,
        null,
        null,
        null,
        null,
        null,
        null,
        null,
        null,
        null,
        null,
        1,
        null,
        null,
        null,
        null,
        null,
        1,
        null,
        null,
        null,
        null,
        null,
        null,
        null,
        null,
        null,
        1,
        null,
        null,
        null,
        null,
        null,
        null,
        null,
        null,
        null,
        null,
        1,
        null,
        null,
        null,
        null,
        null,
        null,
        null,
        null,
        null,
        null,
        null,
        null,
        null,
        null,
        null,
        1,
        null,
        null,
        null,
        null,
        null,
        null,
        null,
        null,
        null,
        1,
        null,
        null,
        null,
        1,
        null,
        null,
        1,
        null,
        null,
        1,
        null,
        null,
        null,
        null,
        null,
        null,
        null,
        null,
        null,
        1,
        null,
        null,
        null,
        null,
        null,
        null,
        null,
        null,
        null,
        null,
        null,
        null,
        null,
        null,
        null,
        null,
        null,
        null,
        null,
        null,
        null,
        null,
        null,
        null,
        null,
        null,
        null,
        null,
        null,
        null,
        null,
        null,
        null,
        null,
        null,
        null,
        null,
        null,
        null,
        null,
        null,
        1,
        null,
        null,
        null,
        null,
        null,
        null,
        null,
        null,
        null,
        null,
        null,
        null,
        null,
        null,
        null,
        null,
        null,
        null,
        null,
        null,
        null,
        null,
        null,
        null,
        null,
        null,
        null,
        null,
        null
      ],
      "/Users/balaji/Desktop/git-repos/LocalDeliverySystem/config/initializers/filter_parameter_logging.rb": [
        null,
        null,
        null,
        1
      ],
      "/Users/balaji/Desktop/git-repos/LocalDeliverySystem/config/initializers/inflections.rb": [
        null,
        null,
        null,
        null,
        null,
        null,
        null,
        null,
        null,
        null,
        null,
        null,
        null,
        null,
        null,
        null
      ],
      "/Users/balaji/Desktop/git-repos/LocalDeliverySystem/config/initializers/mime_types.rb": [
        null,
        null,
        null,
        null
      ],
      "/Users/balaji/Desktop/git-repos/LocalDeliverySystem/config/initializers/session_store.rb": [
        null,
        null,
        1
      ],
      "/Users/balaji/Desktop/git-repos/LocalDeliverySystem/config/initializers/wrap_parameters.rb": [
        null,
        null,
        null,
        null,
        null,
        null,
        1,
        1,
        null,
        null,
        null,
        null,
        null,
        null
      ],
      "/Users/balaji/Desktop/git-repos/LocalDeliverySystem/spec/factories/driverdetails.rb": [
        1,
        1,
        null,
        null,
        null,
        null
      ],
      "/Users/balaji/Desktop/git-repos/LocalDeliverySystem/spec/factories/user.rb": [
        1,
        null,
        1,
        1,
        2,
        2,
        2,
        2,
        null,
        null
      ],
      "/Users/balaji/Desktop/git-repos/LocalDeliverySystem/config/routes.rb": [
        1,
        1,
        null,
        null,
        null,
        null,
        null,
        null,
        null,
        1,
        1,
        1,
        1,
        null,
        null,
        null,
        null,
        null,
        null,
        null,
        null,
        null,
        null,
        null,
        null,
        null,
        null,
        null,
        null,
        null,
        null,
        null,
        null,
        null,
        null,
        null,
        null,
        null,
        null,
        null,
        null,
        null,
        null,
        null,
        null,
        null,
        null,
        null,
        null,
        null,
        null,
        null,
        null,
        null,
        null,
        null,
        null,
        null,
        null,
        null,
        null,
        null,
        null,
        null,
        null,
        null,
        null
      ],
      "/Users/balaji/Desktop/git-repos/LocalDeliverySystem/app/models/user.rb": [
        1,
        null,
        null,
        1,
        null,
        1,
        1,
        1,
        1,
        null
      ],
      "/Users/balaji/Desktop/git-repos/LocalDeliverySystem/app/helpers/application_helper.rb": [
        1,
        null
      ],
      "/Users/balaji/Desktop/git-repos/LocalDeliverySystem/app/helpers/driverdetails_helper.rb": [
        1,
        null
      ],
      "/Users/balaji/Desktop/git-repos/LocalDeliverySystem/app/helpers/users_helper.rb": [
        1,
        null
      ],
      "/Users/balaji/Desktop/git-repos/LocalDeliverySystem/app/controllers/custom_devise/registrations_controller.rb": [
        1,
        null,
        1,
        3,
        3,
        null,
        3,
        null,
        null,
        null,
        null,
        3,
        3,
        3,
        null,
        null,
        null,
        null,
        null,
        null,
        null,
        null,
        null,
        1,
        0,
        null,
        null,
        null,
        null,
        null,
        null,
        null,
        null,
        1,
        null,
        1,
        3,
        null,
        null,
        1,
        0,
        null,
        null,
        null
      ],
      "/Users/balaji/Desktop/git-repos/LocalDeliverySystem/app/controllers/application_controller.rb": [
        1,
        null,
        null,
        1,
        1,
        null,
        1,
        null,
        null,
        null,
        null,
        null,
        null,
        null,
        null,
        null,
        null,
        null,
        null,
        null,
        null,
        null,
        null,
        null,
        null,
        null,
        null,
        null,
        null,
        1,
        0,
        0,
        0,
        0,
        0,
        0,
        0,
        0,
        0,
        0,
        0,
        0,
        0,
        0,
        0,
        null,
        null,
        null,
        null,
        null,
        null,
        null,
        null,
        null,
        null,
        null,
        null,
        null,
        null,
        null,
        null,
        null
      ],
      "/Users/balaji/Desktop/git-repos/LocalDeliverySystem/spec/controllers/devise/passwords_controller_spec.rb": [
        1,
        null,
        1,
        null,
        null
      ],
      "/Users/balaji/Desktop/git-repos/LocalDeliverySystem/spec/controllers/devise/sessions_controller_spec.rb": [
        1,
        1,
        null,
        1,
        1,
        1,
        1,
        1,
        null,
        null,
        null,
        1,
        1,
        1,
        1,
        1,
        1,
        1,
        null,
        null,
        null,
        1,
        1,
        1,
        1,
        1,
        null,
        null,
        null,
        null
      ],
      "/Users/balaji/Desktop/git-repos/LocalDeliverySystem/spec/controllers/driverdetails_controller_spec.rb": [
        1,
        null,
        1,
        null,
        null
      ],
      "/Users/balaji/Desktop/git-repos/LocalDeliverySystem/app/controllers/driverdetails_controller.rb": [
        1,
        null,
        1,
        null,
        null,
        null,
        null
      ],
      "/Users/balaji/Desktop/git-repos/LocalDeliverySystem/spec/controllers/users_controller_spec.rb": [
        1,
        null,
        1,
        null,
        null
      ],
      "/Users/balaji/Desktop/git-repos/LocalDeliverySystem/app/controllers/users_controller.rb": [
        1,
        null
      ],
      "/Users/balaji/Desktop/git-repos/LocalDeliverySystem/spec/helpers/driverdetails_helper_spec.rb": [
        1,
        null,
        null,
        null,
        null,
        null,
        null,
        null,
        null,
        null,
        null,
        null,
        1,
        1,
        null
      ],
      "/Users/balaji/Desktop/git-repos/LocalDeliverySystem/spec/helpers/users_helper_spec.rb": [
        1,
        null,
        null,
        null,
        null,
        null,
        null,
        null,
        null,
        null,
        null,
        null,
        1,
        1,
        null
      ],
      "/Users/balaji/Desktop/git-repos/LocalDeliverySystem/spec/models/driverdetail_spec.rb": [
        1,
        null,
        1,
        1,
        null
      ],
      "/Users/balaji/Desktop/git-repos/LocalDeliverySystem/app/models/driverdetail.rb": [
        1,
        1,
        null
      ],
      "/Users/balaji/Desktop/git-repos/LocalDeliverySystem/spec/models/role_spec.rb": [
        1,
        null,
        1,
        1,
        null
      ],
      "/Users/balaji/Desktop/git-repos/LocalDeliverySystem/app/models/role.rb": [
        1,
        1,
        null
      ],
      "/Users/balaji/Desktop/git-repos/LocalDeliverySystem/spec/models/user_spec.rb": [
        1,
        1,
        1,
        1,
        null,
        null,
        null,
        null,
        null,
        null,
        1,
        null,
        null,
        1,
        1,
        1,
        1,
        null,
        null,
        1,
        1,
        1,
        1,
        null,
        null,
        1,
        1,
        1,
        null,
        null
      ]
    },
    "timestamp": 1447970907
  }
}
